\BOOKMARK [0][-]{chapter.1}{\376\377\000S\000L\000C\0000\000d\000e}{}% 1
\BOOKMARK [1][-]{section.1.1}{\376\377\000U\000s\000a\000g\000e}{chapter.1}% 2
\BOOKMARK [2][-]{subsection.1.1.1}{\376\377\000I\000N\000S\000T\000A\000L\000L\000A\000T\000I\000O\000N}{section.1.1}% 3
\BOOKMARK [2][-]{subsection.1.1.2}{\376\377\000S\000L\000C\0000\000d\000e\000\040\000m\000i\000n\000i\000m\000a\000l\000\040\000e\000x\000e\000m\000p\000l\000e}{section.1.1}% 4
\BOOKMARK [1][-]{section.1.2}{\376\377\000M\000a\000t\000h\000e\000m\000a\000t\000i\000c\000a\000l\000\040\000T\000h\000e\000o\000r\000y}{chapter.1}% 5
\BOOKMARK [2][-]{subsection.1.2.1}{\376\377\000T\000h\000e\000\040\000S\000L\000E}{section.1.2}% 6
\BOOKMARK [2][-]{subsection.1.2.2}{\376\377\000C\000o\000n\000s\000e\000r\000v\000a\000t\000i\000o\000n\000\040\000o\000f\000\040\000m\000a\000s\000s}{section.1.2}% 7
\BOOKMARK [2][-]{subsection.1.2.3}{\376\377\000D\000e\000v\000e\000l\000o\000p\000m\000e\000n\000t\000\040\000o\000f\000\040\000G\000\040\000a\000n\000d\000\040\000R}{section.1.2}% 8
\BOOKMARK [3][-]{subsubsection*.4}{\376\377\000C\000a\000s\000e\000\040\000o\000f\000\040\000a\000\040\000n\000o\000n\000-\000r\000o\000t\000a\000t\000i\000o\000n\000a\000l\000\040\000E\000a\000r\000t\000h}{subsection.1.2.3}% 9
\BOOKMARK [3][-]{subsubsection*.5}{\376\377\000C\000a\000s\000e\000\040\000o\000f\000\040\000a\000\040\000r\000o\000t\000a\000t\000i\000o\000n\000a\000l\000\040\000E\000a\000r\000t\000h}{subsection.1.2.3}% 10
\BOOKMARK [2][-]{subsection.1.2.4}{\376\377\000R\000e\000s\000o\000l\000u\000t\000i\000o\000n\000\040\000o\000f\000\040\000t\000e\000m\000p\000o\000r\000a\000l\000\040\000a\000n\000d\000\040\000s\000p\000a\000t\000i\000a\000l\000\040\000c\000o\000n\000v\000o\000l\000u\000t\000i\000o\000n}{section.1.2}% 11
\BOOKMARK [3][-]{subsubsection*.6}{\376\377\000S\000p\000a\000t\000i\000a\000l\000\040\000c\000o\000n\000v\000o\000l\000u\000t\000i\000o\000n}{subsection.1.2.4}% 12
\BOOKMARK [3][-]{subsubsection*.8}{\376\377\000T\000e\000m\000p\000o\000r\000a\000l\000\040\000c\000o\000n\000v\000o\000l\000u\000t\000i\000o\000n}{subsection.1.2.4}% 13
\BOOKMARK [3][-]{subsubsection*.9}{\376\377\000R\000e\000s\000o\000l\000u\000t\000i\000o\000n\000\040\000o\000f\000\040\000t\000h\000e\000\040\000c\000o\000n\000v\000o\000l\000u\000t\000i\000o\000n\000s}{subsection.1.2.4}% 14
\BOOKMARK [1][-]{section.1.3}{\376\377\000N\000u\000m\000e\000r\000i\000c\000a\000l\000\040\000i\000m\000p\000l\000e\000m\000e\000n\000t\000a\000t\000i\000o\000n}{chapter.1}% 15
\BOOKMARK [2][-]{subsection.1.3.1}{\376\377\000S\000e\000a\000\040\000L\000e\000v\000e\000l\000\040\000e\000q\000u\000a\000t\000i\000o\000n\000\040\000r\000e\000s\000o\000l\000u\000t\000i\000o\000n}{section.1.3}% 16
\BOOKMARK [3][-]{subsubsection*.11}{\376\377\000S\000e\000a\000\040\000l\000e\000v\000e\000l\000\040\000e\000q\000u\000a\000t\000i\000o\000n\000\040\000R\000e\000s\000o\000l\000u\000t\000i\000o\000n\000\040\000i\000m\000p\000l\000e\000m\000e\000n\000t\000a\000t\000i\000o\000n}{subsection.1.3.1}% 17
\BOOKMARK [3][-]{subsubsection*.13}{\376\377\000R\000e\000s\000o\000l\000u\000t\000i\000o\000n\000\040\000o\000f\000\040\000S\000L\000E\000\040\000i\000n\000c\000l\000u\000d\000i\000n\000g\000\040\000t\000h\000e\000\040\000d\000e\000c\000o\000n\000v\000o\000l\000u\000t\000i\000o\000n}{subsection.1.3.1}% 18
\BOOKMARK [3][-]{subsubsection*.15}{\376\377\000C\000o\000n\000v\000e\000r\000g\000e\000n\000c\000e\000\040\000p\000a\000r\000a\000m\000e\000t\000e\000r}{subsection.1.3.1}% 19
\BOOKMARK [4][-]{paragraph*.16}{\376\377\000I\000n\000n\000e\000r\000\040\000c\000o\000n\000v\000e\000r\000g\000e\000n\000c\000e\000\040\000o\000n\000\040\000S\000L\000E}{subsubsection*.15}% 20
\BOOKMARK [4][-]{paragraph*.18}{\376\377\000O\000u\000t\000e\000r\000\040\000c\000o\000n\000v\000e\000r\000g\000e\000n\000c\000e\000\040\000c\000r\000i\000t\000e\000r\000i\000o\000n}{subsubsection*.15}% 21
\BOOKMARK [3][-]{subsubsection*.19}{\376\377\000G\000r\000o\000u\000n\000d\000e\000d\000\040\000i\000c\000e\000\040\000c\000o\000r\000r\000e\000c\000t\000i\000o\000n}{subsection.1.3.1}% 22
\BOOKMARK [2][-]{subsection.1.3.2}{\376\377\000C\000o\000m\000p\000u\000t\000a\000t\000i\000o\000n\000\040\000o\000f\000\040\000g\000r\000o\000u\000n\000d\000\040\000a\000n\000d\000\040\000g\000e\000o\000i\000d\000\040\000s\000u\000b\000s\000i\000d\000e\000n\000c\000e\000\040\000f\000r\000o\000m\000\040\000d\000i\000f\000f\000e\000r\000e\000n\000t\000\040\000l\000o\000a\000d\000\040\000s\000o\000u\000r\000c\000e}{section.1.3}% 23
\BOOKMARK [3][-]{subsubsection*.22}{\376\377\000E\000l\000a\000s\000t\000i\000c\000\040\000c\000o\000m\000p\000o\000n\000e\000n\000t\000s\000\040\000o\000f\000\040\000S\000L\000E\000\040\000:}{subsection.1.3.2}% 24
\BOOKMARK [3][-]{subsubsection*.23}{\376\377\000V\000i\000s\000c\000o\000u\000s\000\040\000c\000o\000m\000p\000o\000n\000e\000n\000t\000s\000\040\000o\000f\000\040\000t\000h\000e\000\040\000S\000L\000E\000\040\000:}{subsection.1.3.2}% 25
\BOOKMARK [3][-]{subsubsection*.24}{\376\377\000T\000r\000u\000e\000\040\000s\000e\000d\000i\000m\000e\000n\000t\000\040\000s\000u\000b\000s\000i\000d\000e\000n\000c\000e}{subsection.1.3.2}% 26
\BOOKMARK [3][-]{subsubsection*.26}{\376\377\000R\000e\000l\000a\000t\000i\000v\000e\000\040\000s\000e\000a\000\040\000l\000e\000v\000e\000l\000\040\000v\000a\000r\000i\000a\000t\000i\000o\000n\000s}{subsection.1.3.2}% 27
\BOOKMARK [2][-]{subsection.1.3.3}{\376\377\000I\000n\000p\000u\000t\000\040\000d\000a\000t\000a\000\040\000f\000o\000r\000m\000a\000t}{section.1.3}% 28
\BOOKMARK [3][-]{subsubsection*.27}{\376\377\000M\000a\000s\000s\000\040\000g\000r\000i\000d\000\040\000f\000o\000r\000m\000a\000t}{subsection.1.3.3}% 29
\BOOKMARK [3][-]{subsubsection*.29}{\376\377\000I\000m\000p\000l\000e\000m\000e\000n\000t\000a\000t\000i\000o\000n\000\040\000o\000f\000\040\000L\000o\000v\000e\000\040\000n\000u\000m\000b\000e\000r\000s}{subsection.1.3.3}% 30
\BOOKMARK [1][-]{section.1.4}{\376\377\000D\000e\000v\000e\000l\000o\000p\000e\000r\000\040\000g\000u\000i\000d\000e}{chapter.1}% 31
\BOOKMARK [2][-]{subsection.1.4.1}{\376\377\000S\000O\000L\000V\000E\000R}{section.1.4}% 32
\BOOKMARK [3][-]{subsubsection*.31}{\376\377\000F\000u\000n\000c\000t\000i\000o\000n\000s}{subsection.1.4.1}% 33
\BOOKMARK [4][-]{paragraph*.34}{\376\377\000A\000t\000t\000r\000i\000b\000u\000t\000e\000\040\000:}{subsubsection*.31}% 34
\BOOKMARK [4][-]{paragraph*.35}{\376\377\000R\000e\000t\000u\000r\000n\000s\000\040\000:}{subsubsection*.31}% 35
\BOOKMARK [4][-]{paragraph*.38}{\376\377\000A\000t\000t\000r\000i\000b\000u\000t\000e\000\040\000:}{subsubsection*.31}% 36
\BOOKMARK [4][-]{paragraph*.39}{\376\377\000R\000e\000t\000u\000r\000n\000s\000\040\000:}{subsubsection*.31}% 37
\BOOKMARK [4][-]{paragraph*.42}{\376\377\000A\000t\000t\000r\000i\000b\000u\000t\000e\000\040\000:}{subsubsection*.31}% 38
\BOOKMARK [4][-]{paragraph*.43}{\376\377\000R\000e\000t\000u\000r\000n\000s\000\040\000:}{subsubsection*.31}% 39
\BOOKMARK [4][-]{paragraph*.46}{\376\377\000A\000t\000t\000r\000i\000b\000u\000t\000e\000\040\000:}{subsubsection*.31}% 40
\BOOKMARK [4][-]{paragraph*.47}{\376\377\000R\000e\000t\000u\000r\000n\000s\000\040\000:}{subsubsection*.31}% 41
\BOOKMARK [4][-]{paragraph*.50}{\376\377\000A\000t\000t\000r\000i\000b\000u\000t\000e\000\040\000:}{subsubsection*.31}% 42
\BOOKMARK [4][-]{paragraph*.51}{\376\377\000R\000e\000t\000u\000r\000n\000s\000\040\000:}{subsubsection*.31}% 43
\BOOKMARK [4][-]{paragraph*.54}{\376\377\000A\000t\000t\000r\000i\000b\000u\000t\000e\000\040\000:}{subsubsection*.31}% 44
\BOOKMARK [4][-]{paragraph*.55}{\376\377\000R\000e\000t\000u\000r\000n\000s\000\040\000:}{subsubsection*.31}% 45
\BOOKMARK [2][-]{subsection.1.4.2}{\376\377\000s\000p\000h\000a\000r\000m}{section.1.4}% 46
\BOOKMARK [3][-]{subsubsection*.57}{\376\377\000F\000u\000n\000c\000t\000i\000o\000n\000s}{subsection.1.4.2}% 47
\BOOKMARK [4][-]{paragraph*.60}{\376\377\000A\000t\000t\000r\000i\000b\000u\000t\000e\000\040\000:}{subsubsection*.57}% 48
\BOOKMARK [4][-]{paragraph*.61}{\376\377\000R\000e\000t\000u\000r\000n\000s\000\040\000:}{subsubsection*.57}% 49
\BOOKMARK [3][-]{subsubsection*.62}{\376\377\000C\000L\000A\000S\000S}{subsection.1.4.2}% 50
\BOOKMARK [4][-]{paragraph*.65}{\376\377\000A\000t\000t\000r\000i\000b\000u\000t\000e\000s}{subsubsection*.62}% 51
\BOOKMARK [4][-]{paragraph*.66}{\376\377\000M\000e\000t\000h\000o\000d\000s}{subsubsection*.62}% 52
\BOOKMARK [3][-]{subsubsection*.67}{\376\377\000M\000e\000t\000h\000o\000d\000s}{subsection.1.4.2}% 53
\BOOKMARK [4][-]{paragraph*.70}{\376\377\000A\000t\000t\000r\000i\000b\000u\000t\000e\000\040\000:}{subsubsection*.67}% 54
\BOOKMARK [4][-]{paragraph*.71}{\376\377\000R\000e\000t\000u\000r\000n\000s\000\040\000:}{subsubsection*.67}% 55
\BOOKMARK [4][-]{paragraph*.76}{\376\377\000A\000t\000t\000r\000i\000b\000u\000t\000e\000\040\000:}{subsubsection*.67}% 56
\BOOKMARK [4][-]{paragraph*.77}{\376\377\000R\000e\000t\000u\000r\000n\000s\000\040\000:}{subsubsection*.67}% 57
\BOOKMARK [4][-]{paragraph*.80}{\376\377\000A\000t\000t\000r\000i\000b\000u\000t\000e\000\040\000:}{subsubsection*.67}% 58
\BOOKMARK [4][-]{paragraph*.81}{\376\377\000R\000e\000t\000u\000r\000n\000s\000\040\000:}{subsubsection*.67}% 59
\BOOKMARK [2][-]{subsection.1.4.3}{\376\377\000G\000r\000i\000d}{section.1.4}% 60
\BOOKMARK [3][-]{subsubsection*.82}{\376\377\000G\000R\000I\000D}{subsection.1.4.3}% 61
\BOOKMARK [4][-]{paragraph*.83}{\376\377\000C\000L\000A\000S\000S}{subsubsection*.82}% 62
\BOOKMARK [5][-]{subparagraph*.86}{\376\377\000A\000t\000t\000r\000i\000b\000u\000t\000e\000s}{paragraph*.83}% 63
\BOOKMARK [5][-]{subparagraph*.87}{\376\377\000M\000e\000t\000h\000o\000d\000s}{paragraph*.83}% 64
\BOOKMARK [4][-]{paragraph*.88}{\376\377\000M\000e\000t\000h\000o\000d\000s}{subsubsection*.82}% 65
\BOOKMARK [5][-]{subparagraph*.91}{\376\377\000A\000t\000t\000r\000i\000b\000u\000t\000e}{paragraph*.88}% 66
\BOOKMARK [5][-]{subparagraph*.92}{\376\377\000R\000e\000t\000u\000r\000n}{paragraph*.88}% 67
\BOOKMARK [5][-]{subparagraph*.95}{\376\377\000A\000t\000t\000r\000i\000b\000u\000t\000e}{paragraph*.88}% 68
\BOOKMARK [5][-]{subparagraph*.96}{\376\377\000R\000e\000t\000u\000r\000n}{paragraph*.88}% 69
\BOOKMARK [5][-]{subparagraph*.99}{\376\377\000A\000t\000t\000r\000i\000b\000u\000t\000e}{paragraph*.88}% 70
\BOOKMARK [5][-]{subparagraph*.100}{\376\377\000R\000e\000t\000u\000r\000n}{paragraph*.88}% 71
\BOOKMARK [5][-]{subparagraph*.103}{\376\377\000A\000t\000t\000r\000i\000b\000u\000t\000e\000\040\000:}{paragraph*.88}% 72
\BOOKMARK [5][-]{subparagraph*.104}{\376\377\000R\000e\000t\000u\000r\000n\000\040\000:}{paragraph*.88}% 73
\BOOKMARK [3][-]{subsubsection*.106}{\376\377\000T\000I\000M\000E\000\137\000G\000R\000I\000D}{subsection.1.4.3}% 74
\BOOKMARK [4][-]{paragraph*.107}{\376\377\000C\000L\000A\000S\000S}{subsubsection*.106}% 75
\BOOKMARK [5][-]{subparagraph*.110}{\376\377\000A\000t\000t\000r\000i\000b\000u\000t\000e\000s}{paragraph*.107}% 76
\BOOKMARK [5][-]{subparagraph*.111}{\376\377\000M\000e\000t\000h\000o\000d\000s}{paragraph*.107}% 77
\BOOKMARK [4][-]{paragraph*.112}{\376\377\000M\000e\000t\000h\000o\000d\000s}{subsubsection*.106}% 78
\BOOKMARK [5][-]{subparagraph*.115}{\376\377\000A\000t\000t\000r\000i\000b\000u\000t\000e\000s}{paragraph*.112}% 79
\BOOKMARK [5][-]{subparagraph*.116}{\376\377\000R\000e\000t\000u\000r\000n\000\040\000:}{paragraph*.112}% 80
\BOOKMARK [5][-]{subparagraph*.119}{\376\377\000A\000t\000t\000r\000i\000b\000u\000t\000e\000s}{paragraph*.112}% 81
\BOOKMARK [5][-]{subparagraph*.120}{\376\377\000R\000e\000t\000u\000r\000n\000\040\000:}{paragraph*.112}% 82
\BOOKMARK [5][-]{subparagraph*.123}{\376\377\000A\000t\000t\000r\000i\000b\000u\000t\000e\000s\000\040\000:}{paragraph*.112}% 83
\BOOKMARK [5][-]{subparagraph*.124}{\376\377\000R\000e\000t\000u\000r\000n\000\040\000:}{paragraph*.112}% 84
\BOOKMARK [5][-]{subparagraph*.127}{\376\377\000A\000t\000t\000r\000i\000b\000u\000t\000e\000s\000\040\000:}{paragraph*.112}% 85
\BOOKMARK [5][-]{subparagraph*.128}{\376\377\000R\000e\000t\000u\000r\000n\000\040\000:}{paragraph*.112}% 86
\BOOKMARK [5][-]{subparagraph*.131}{\376\377\000A\000t\000t\000r\000i\000b\000u\000t\000e\000\040\000:}{paragraph*.112}% 87
\BOOKMARK [5][-]{subparagraph*.132}{\376\377\000R\000e\000s\000u\000l\000t\000\040\000:}{paragraph*.112}% 88
\BOOKMARK [5][-]{subparagraph*.135}{\376\377\000A\000t\000t\000r\000i\000b\000u\000t\000e\000\040\000:}{paragraph*.112}% 89
\BOOKMARK [5][-]{subparagraph*.136}{\376\377\000R\000e\000s\000u\000l\000t\000\040\000:}{paragraph*.112}% 90
\BOOKMARK [5][-]{subparagraph*.139}{\376\377\000A\000t\000t\000r\000i\000b\000u\000t\000e\000\040\000:}{paragraph*.112}% 91
\BOOKMARK [5][-]{subparagraph*.140}{\376\377\000R\000e\000t\000u\000r\000n\000\040\000:}{paragraph*.112}% 92
\BOOKMARK [5][-]{subparagraph*.143}{\376\377\000A\000t\000t\000r\000i\000b\000u\000t\000e\000\040\000:}{paragraph*.112}% 93
\BOOKMARK [5][-]{subparagraph*.144}{\376\377\000R\000e\000t\000u\000r\000n\000\040\000:}{paragraph*.112}% 94
\BOOKMARK [5][-]{subparagraph*.147}{\376\377\000A\000t\000t\000r\000i\000b\000u\000t\000e\000\040\000:}{paragraph*.112}% 95
\BOOKMARK [5][-]{subparagraph*.148}{\376\377\000R\000e\000t\000u\000r\000n\000\040\000:}{paragraph*.112}% 96
\BOOKMARK [5][-]{subparagraph*.151}{\376\377\000A\000t\000t\000r\000i\000b\000u\000t\000e\000\040\000:}{paragraph*.112}% 97
\BOOKMARK [5][-]{subparagraph*.152}{\376\377\000R\000e\000t\000u\000r\000n\000\040\000:}{paragraph*.112}% 98
\BOOKMARK [3][-]{subsubsection*.153}{\376\377\000S\000E\000D\000I\000M\000E\000N\000T\000\137\000T\000I\000M\000E\000\137\000G\000R\000I\000D}{subsection.1.4.3}% 99
\BOOKMARK [4][-]{paragraph*.154}{\376\377\000C\000L\000A\000S\000S}{subsubsection*.153}% 100
\BOOKMARK [5][-]{subparagraph*.157}{\376\377\000A\000t\000t\000r\000i\000b\000u\000t\000e\000s}{paragraph*.154}% 101
\BOOKMARK [5][-]{subparagraph*.158}{\376\377\000M\000e\000t\000h\000o\000d}{paragraph*.154}% 102
\BOOKMARK [4][-]{paragraph*.159}{\376\377\000M\000E\000T\000H\000O\000D\000S}{subsubsection*.153}% 103
\BOOKMARK [5][-]{subparagraph*.162}{\376\377\000A\000t\000t\000r\000i\000b\000u\000t\000e\000s}{paragraph*.159}% 104
\BOOKMARK [5][-]{subparagraph*.163}{\376\377\000R\000e\000t\000u\000r\000n}{paragraph*.159}% 105
\BOOKMARK [3][-]{subsubsection*.164}{\376\377\000I\000C\000E\000\137\000T\000I\000M\000E\000\137\000G\000R\000I\000D}{subsection.1.4.3}% 106
\BOOKMARK [4][-]{paragraph*.165}{\376\377\000C\000L\000A\000S\000S}{subsubsection*.164}% 107
\BOOKMARK [5][-]{subparagraph*.168}{\376\377\000A\000t\000t\000r\000i\000b\000u\000t\000e\000s}{paragraph*.165}% 108
\BOOKMARK [5][-]{subparagraph*.169}{\376\377\000M\000e\000t\000h\000o\000d\000s}{paragraph*.165}% 109
\BOOKMARK [4][-]{paragraph*.170}{\376\377\000M\000E\000T\000H\000O\000D\000S}{subsubsection*.164}% 110
\BOOKMARK [5][-]{subparagraph*.173}{\376\377\000A\000t\000t\000r\000i\000b\000u\000t\000e\000s}{paragraph*.170}% 111
\BOOKMARK [5][-]{subparagraph*.174}{\376\377\000R\000e\000t\000u\000r\000n}{paragraph*.170}% 112
\BOOKMARK [5][-]{subparagraph*.177}{\376\377\000A\000t\000t\000r\000i\000b\000u\000t\000e\000s}{paragraph*.170}% 113
\BOOKMARK [5][-]{subparagraph*.178}{\376\377\000R\000e\000t\000u\000r\000n}{paragraph*.170}% 114
\BOOKMARK [3][-]{subsubsection*.179}{\376\377\000O\000C\000E\000A\000N\000\137\000T\000I\000M\000E\000\137\000G\000R\000I\000D}{subsection.1.4.3}% 115
\BOOKMARK [4][-]{paragraph*.180}{\376\377\000C\000L\000A\000S\000S}{subsubsection*.179}% 116
\BOOKMARK [5][-]{subparagraph*.183}{\376\377\000A\000t\000t\000r\000i\000b\000u\000t\000e\000s}{paragraph*.180}% 117
\BOOKMARK [5][-]{subparagraph*.184}{\376\377\000M\000e\000t\000h\000o\000d\000s}{paragraph*.180}% 118
\BOOKMARK [4][-]{paragraph*.185}{\376\377\000M\000E\000T\000H\000O\000D\000S}{subsubsection*.179}% 119
\BOOKMARK [5][-]{subparagraph*.188}{\376\377\000A\000t\000t\000r\000i\000b\000u\000t\000e\000s}{paragraph*.185}% 120
\BOOKMARK [5][-]{subparagraph*.189}{\376\377\000R\000e\000t\000u\000r\000n}{paragraph*.185}% 121
\BOOKMARK [5][-]{subparagraph*.192}{\376\377\000A\000t\000t\000r\000i\000b\000u\000t\000e}{paragraph*.185}% 122
\BOOKMARK [5][-]{subparagraph*.195}{\376\377\000A\000t\000t\000r\000i\000b\000u\000t\000e}{paragraph*.185}% 123
\BOOKMARK [5][-]{subparagraph*.196}{\376\377\000R\000e\000t\000u\000r\000n}{paragraph*.185}% 124
\BOOKMARK [5][-]{subparagraph*.199}{\376\377\000A\000t\000t\000r\000i\000b\000u\000t\000e}{paragraph*.185}% 125
\BOOKMARK [5][-]{subparagraph*.200}{\376\377\000R\000e\000t\000u\000r\000n}{paragraph*.185}% 126
\BOOKMARK [3][-]{subsubsection*.201}{\376\377\000T\000O\000P\000O\000G\000R\000A\000P\000H\000I\000C\000\137\000T\000I\000M\000E\000\137\000G\000R\000I\000D}{subsection.1.4.3}% 127
\BOOKMARK [4][-]{paragraph*.202}{\376\377\000C\000L\000A\000S\000S}{subsubsection*.201}% 128
\BOOKMARK [5][-]{subparagraph*.205}{\376\377\000A\000t\000t\000r\000i\000b\000u\000t\000e\000s}{paragraph*.202}% 129
\BOOKMARK [5][-]{subparagraph*.206}{\376\377\000M\000e\000t\000h\000o\000d\000s}{paragraph*.202}% 130
\BOOKMARK [4][-]{paragraph*.207}{\376\377\000M\000E\000T\000H\000O\000D\000S}{subsubsection*.201}% 131
\BOOKMARK [5][-]{subparagraph*.210}{\376\377\000A\000t\000t\000r\000i\000b\000u\000t\000e\000s}{paragraph*.207}% 132
\BOOKMARK [5][-]{subparagraph*.211}{\376\377\000R\000e\000t\000u\000r\000n}{paragraph*.207}% 133
\BOOKMARK [3][-]{subsubsection*.212}{\376\377\000L\000O\000A\000D\000\137\000T\000I\000M\000E\000\137\000G\000R\000I\000D}{subsection.1.4.3}% 134
\BOOKMARK [4][-]{paragraph*.213}{\376\377\000C\000L\000A\000S\000S}{subsubsection*.212}% 135
\BOOKMARK [5][-]{subparagraph*.216}{\376\377\000A\000t\000t\000r\000i\000b\000u\000t\000e\000s}{paragraph*.213}% 136
\BOOKMARK [5][-]{subparagraph*.217}{\376\377\000M\000e\000t\000h\000o\000d\000s}{paragraph*.213}% 137
\BOOKMARK [4][-]{paragraph*.218}{\376\377\000M\000e\000t\000h\000o\000d\000s}{subsubsection*.212}% 138
\BOOKMARK [5][-]{subparagraph*.221}{\376\377\000A\000t\000t\000r\000i\000b\000u\000t\000e}{paragraph*.218}% 139
\BOOKMARK [5][-]{subparagraph*.224}{\376\377\000A\000t\000t\000r\000i\000b\000u\000t\000e}{paragraph*.218}% 140
\BOOKMARK [5][-]{subparagraph*.225}{\376\377\000R\000e\000t\000u\000r\000n}{paragraph*.218}% 141
\BOOKMARK [5][-]{subparagraph*.228}{\376\377\000A\000t\000t\000r\000i\000b\000u\000t\000e}{paragraph*.218}% 142
\BOOKMARK [5][-]{subparagraph*.229}{\376\377\000R\000e\000t\000u\000r\000n}{paragraph*.218}% 143
\BOOKMARK [5][-]{subparagraph*.232}{\376\377\000A\000t\000t\000r\000i\000b\000u\000t\000e}{paragraph*.218}% 144
\BOOKMARK [5][-]{subparagraph*.233}{\376\377\000R\000e\000t\000u\000r\000n}{paragraph*.218}% 145
\BOOKMARK [2][-]{subsection.1.4.4}{\376\377\000l\000o\000v\000e}{section.1.4}% 146
\BOOKMARK [3][-]{subsubsection*.235}{\376\377\000F\000u\000n\000c\000t\000i\000o\000n\000s}{subsection.1.4.4}% 147
\BOOKMARK [4][-]{paragraph*.238}{\376\377\000A\000t\000t\000r\000i\000b\000u\000t\000e}{subsubsection*.235}% 148
\BOOKMARK [4][-]{paragraph*.239}{\376\377\000R\000e\000t\000u\000r\000n\000s}{subsubsection*.235}% 149
\BOOKMARK [4][-]{paragraph*.242}{\376\377\000A\000t\000t\000r\000i\000b\000u\000t\000e}{subsubsection*.235}% 150
\BOOKMARK [4][-]{paragraph*.243}{\376\377\000R\000e\000t\000u\000r\000n\000s}{subsubsection*.235}% 151
\BOOKMARK [4][-]{paragraph*.246}{\376\377\000A\000t\000t\000r\000i\000b\000u\000t\000e}{subsubsection*.235}% 152
\BOOKMARK [4][-]{paragraph*.247}{\376\377\000R\000e\000t\000u\000r\000n\000s}{subsubsection*.235}% 153
\BOOKMARK [3][-]{subsubsection*.248}{\376\377\000C\000L\000A\000S\000S}{subsection.1.4.4}% 154
\BOOKMARK [4][-]{paragraph*.251}{\376\377\000A\000t\000t\000r\000i\000b\000u\000t\000e\000s}{subsubsection*.248}% 155
\BOOKMARK [4][-]{paragraph*.252}{\376\377\000M\000e\000t\000h\000o\000d\000s}{subsubsection*.248}% 156
\BOOKMARK [3][-]{subsubsection*.253}{\376\377\000M\000e\000t\000h\000o\000d\000s}{subsection.1.4.4}% 157
\BOOKMARK [4][-]{paragraph*.256}{\376\377\000A\000t\000t\000r\000i\000b\000u\000t\000e}{subsubsection*.253}% 158
\BOOKMARK [4][-]{paragraph*.257}{\376\377\000R\000e\000t\000u\000r\000n}{subsubsection*.253}% 159
\BOOKMARK [0][-]{chapter.2}{\376\377\000I\000n\000d\000i\000c\000e\000s\000\040\000a\000n\000d\000\040\000t\000a\000b\000l\000e\000s}{}% 160
\BOOKMARK [0][-]{chapter*.258}{\376\377\000B\000i\000b\000l\000i\000o\000g\000r\000a\000p\000h\000y}{}% 161
